2019-01-21 02:30:14|Email cron batch run
2019-01-21 02:38:55|Email cron batch run
2019-01-21 02:46:43|Email cron batch run
2019-01-21 02:46:48|Email cron batch run
2019-01-21 02:46:49|Email cron batch run
2019-01-21 02:46:50|Email cron batch run
2019-01-21 02:46:50|Email cron batch run
2019-01-21 02:46:50|Email cron batch run
2019-01-21 02:46:51|Email cron batch run
2019-01-21 02:46:51|Email cron batch run
2019-01-21 02:46:51|Email cron batch run
2019-01-21 02:46:51|Email cron batch run
2019-01-21 02:46:51|Email cron batch run
2019-01-21 02:51:23|Email cron batch run
2019-01-21 02:51:23|user UID00000442 is checked for notification
2019-01-21 02:51:24|invoice INV00000058 is issued
2019-01-21 02:51:28|email is send to hadidin4423@gmail.com with mesej=Akaun akan tamat tempoh pada 2018-09-06 .Anda perlu membuat bayaran RM 30 ke PUBLIC BANK account no 398 776 4411 .Sila log in di http://localhost/radiocar/ untuk memuat naikkan resit bayaran.
2019-01-21 02:51:28|user UID00000443 is checked for notification
2019-01-21 02:51:32|email is send to mahmood@jasra.my with mesej=Akaun akan tamat tempoh pada 2017-09-08 .Anda perlu membuat bayaran RM 30 ke PUBLIC BANK account no 398 776 4411 .Sila log in di http://localhost/radiocar/ untuk memuat naikkan resit bayaran.
2019-01-21 02:54:21|Email cron batch run
2019-01-21 02:54:21|user UID00000444 is checked for notification
2019-01-21 02:54:25|email is send to mardasd@gsa.cosd with mesej=Akaun akan tamat tempoh pada 2018-09-06 .Anda perlu membuat bayaran RM 30 ke PUBLIC BANK account no 398 776 4411 .Sila log in di http://localhost/radiocar/ untuk memuat naikkan resit bayaran.
2019-01-21 02:54:25|user UID00000446 is checked for notification
2019-01-21 02:54:29|email is send to hadiuat28@gmail.com with mesej=Akaun akan tamat tempoh pada 2019-01-23 .Anda perlu membuat bayaran RM 30 ke PUBLIC BANK account no 398 776 4411 .Sila log in di http://localhost/radiocar/ untuk memuat naikkan resit bayaran.
